<?xml version="1.0" encoding="UTF-8"?>
<testsuite name="aoc2020.Day1Test" tests="3" skipped="0" failures="0" errors="0" timestamp="2021-07-29T08:23:32" hostname="ASUS-UX305" time="0.067">
  <properties/>
  <testcase name="findMultipleOfThreeNumbersThatAddUpTo2020_shouldReturn241861950WhenTripleIs979_366And675()" classname="aoc2020.Day1Test" time="0.051"/>
  <testcase name="findMultipleOfTwoNumbersThatAddUpTo2020_shouldReturn40000WhenPairIs2000And20()" classname="aoc2020.Day1Test" time="0.002"/>
  <testcase name="loadInput_shouldReturnNonEmptyList()" classname="aoc2020.Day1Test" time="0.011"/>
  <system-out><![CDATA[]]></system-out>
  <system-err><![CDATA[]]></system-err>
</testsuite>
